# JRE version: OpenJDK Runtime Environment Zulu11.48+21-CA (11.0.11+9) (build 11.0.11+9-LTS)
# Java VM: OpenJDK 64-Bit Server VM Zulu11.48+21-CA (11.0.11+9-LTS, mixed mode, tiered, compressed oops, g1 gc, bsd-amd64)
Heap:
 garbage-first heap   total 131072K, used 61529K [0x0000000700000000, 0x0000000800000000)
  region size 1024K, 49 young (50176K), 2 survivors (2048K)
 Metaspace       used 17514K, capacity 17877K, committed 18048K, reserved 1064960K
  class space    used 1747K, capacity 1893K, committed 1920K, reserved 1048576K
GC Heap History (14 events):
Event: 1.285 GC heap before
{Heap before GC invocations=0 (full 0):
 garbage-first heap   total 131072K, used 18432K [0x0000000700000000, 0x0000000800000000)
  region size 1024K, 14 young (14336K), 0 survivors (0K)
 Metaspace       used 11854K, capacity 12159K, committed 12544K, reserved 1060864K
  class space    used 1134K, capacity 1221K, committed 1280K, reserved 1048576K
}
Event: 1.296 GC heap after
{Heap after GC invocations=1 (full 0):
 garbage-first heap   total 131072K, used 7384K [0x0000000700000000, 0x0000000800000000)
  region size 1024K, 2 young (2048K), 2 survivors (2048K)
 Metaspace       used 11854K, capacity 12159K, committed 12544K, reserved 1060864K
  class space    used 1134K, capacity 1221K, committed 1280K, reserved 1048576K
}
Event: 2.370 GC heap before
{Heap before GC invocations=1 (full 0):
 garbage-first heap   total 131072K, used 13528K [0x0000000700000000, 0x0000000800000000)
  region size 1024K, 8 young (8192K), 2 survivors (2048K)
 Metaspace       used 15472K, capacity 15781K, committed 16000K, reserved 1062912K
  class space    used 1559K, capacity 1659K, committed 1664K, reserved 1048576K
}
Event: 2.375 GC heap after
{Heap after GC invocations=2 (full 0):
 garbage-first heap   total 131072K, used 8751K [0x0000000700000000, 0x0000000800000000)
  region size 1024K, 1 young (1024K), 1 survivors (1024K)
 Metaspace       used 15472K, capacity 15781K, committed 16000K, reserved 1062912K
  class space    used 1559K, capacity 1659K, committed 1664K, reserved 1048576K
}
Event: 24520.864 GC heap before
{Heap before GC invocations=2 (full 0):
 garbage-first heap   total 131072K, used 36399K [0x0000000700000000, 0x0000000800000000)
  region size 1024K, 24 young (24576K), 1 survivors (1024K)
 Metaspace       used 17482K, capacity 17877K, committed 18048K, reserved 1064960K
  class space    used 1747K, capacity 1893K, committed 1920K, reserved 1048576K
}
Event: 24520.868 GC heap after
{Heap after GC invocations=3 (full 0):
 garbage-first heap   total 131072K, used 14273K [0x0000000700000000, 0x0000000800000000)
  region size 1024K, 2 young (2048K), 2 survivors (2048K)
 Metaspace       used 17482K, capacity 17877K, committed 18048K, reserved 1064960K
  class space    used 1747K, capacity 1893K, committed 1920K, reserved 1048576K
}
Event: 25223.985 GC heap before
{Heap before GC invocations=3 (full 0):
 garbage-first heap   total 131072K, used 95169K [0x0000000700000000, 0x0000000800000000)
  region size 1024K, 76 young (77824K), 2 survivors (2048K)
 Metaspace       used 17490K, capacity 17877K, committed 18048K, reserved 1064960K
  class space    used 1747K, capacity 1893K, committed 1920K, reserved 1048576K
}
Event: 25223.990 GC heap after
{Heap after GC invocations=4 (full 0):
 garbage-first heap   total 131072K, used 14259K [0x0000000700000000, 0x0000000800000000)
  region size 1024K, 2 young (2048K), 2 survivors (2048K)
 Metaspace       used 17490K, capacity 17877K, committed 18048K, reserved 1064960K
  class space    used 1747K, capacity 1893K, committed 1920K, reserved 1048576K
}
Event: 25374.449 GC heap before
{Heap before GC invocations=4 (full 0):
 garbage-first heap   total 131072K, used 100275K [0x0000000700000000, 0x0000000800000000)
  region size 1024K, 76 young (77824K), 2 survivors (2048K)
 Metaspace       used 17495K, capacity 17877K, committed 18048K, reserved 1064960K
  class space    used 1747K, capacity 1893K, committed 1920K, reserved 1048576K
}
Event: 25374.452 GC heap after
{Heap after GC invocations=5 (full 0):
 garbage-first heap   total 131072K, used 14345K [0x0000000700000000, 0x0000000800000000)
  region size 1024K, 2 young (2048K), 2 survivors (2048K)
 Metaspace       used 17495K, capacity 17877K, committed 18048K, reserved 1064960K
  class space    used 1747K, capacity 1893K, committed 1920K, reserved 1048576K
}
Event: 25418.317 GC heap before
{Heap before GC invocations=5 (full 0):
 garbage-first heap   total 131072K, used 94217K [0x0000000700000000, 0x0000000800000000)
  region size 1024K, 76 young (77824K), 2 survivors (2048K)
 Metaspace       used 17507K, capacity 17877K, committed 18048K, reserved 1064960K
  class space    used 1747K, capacity 1893K, committed 1920K, reserved 1048576K
}
Event: 25418.319 GC heap after
{Heap after GC invocations=6 (full 0):
 garbage-first heap   total 131072K, used 14325K [0x0000000700000000, 0x0000000800000000)
  region size 1024K, 2 young (2048K), 2 survivors (2048K)
 Metaspace       used 17507K, capacity 17877K, committed 18048K, reserved 1064960K
  class space    used 1747K, capacity 1893K, committed 1920K, reserved 1048576K
}
Event: 25565.428 GC heap before
{Heap before GC invocations=6 (full 0):
 garbage-first heap   total 131072K, used 100341K [0x0000000700000000, 0x0000000800000000)
  region size 1024K, 76 young (77824K), 2 survivors (2048K)
 Metaspace       used 17514K, capacity 17877K, committed 18048K, reserved 1064960K
  class space    used 1747K, capacity 1893K, committed 1920K, reserved 1048576K
}
Event: 25565.431 GC heap after
{Heap after GC invocations=7 (full 0):
 garbage-first heap   total 131072K, used 14425K [0x0000000700000000, 0x0000000800000000)
  region size 1024K, 2 young (2048K), 2 survivors (2048K)
 Metaspace       used 17514K, capacity 17877K, committed 18048K, reserved 1064960K
  class space    used 1747K, capacity 1893K, committed 1920K, reserved 1048576K
}

